build/app/intermediates/manifest_merge_blame_file/debug/processDebugMainManifest/manifest-merger-blame-debug-report.txt
1<?xml version="1.0" encoding="utf-8"?>
2<manifest xmlns:android="http://schemas.android.com/apk/res/android"
3    package="com.example.recovery_ai"
4    android:versionCode="1"
5    android:versionName="1.0.0" >
6
7    <uses-sdk
8        android:minSdkVersion="23"
9        android:targetSdkVersion="33" />
10    <!--
11         The INTERNET permission is required for development. Specifically,
12         the Flutter tool needs it to communicate with the running application
13         to allow setting breakpoints, to provide hot reload, etc.
14    -->
15    <uses-permission android:name="android.permission.INTERNET" />
15-->src\debug\AndroidManifest.xml:6:5-66
15-->src\debug\AndroidManifest.xml:6:22-64
16    <!--
17     Required to query activities that can process text, see:
18         https://developer.android.com/training/package-visibility and
19         https://developer.android.com/reference/android/content/Intent#ACTION_PROCESS_TEXT.
20
21         In particular, this is used by the Flutter engine in io.flutter.plugin.text.ProcessTextPlugin.
22    -->
23    <queries>
23-->src\main\AndroidManifest.xml:39:5-44:15
24        <intent>
24-->src\main\AndroidManifest.xml:40:9-43:18
25            <action android:name="android.intent.action.PROCESS_TEXT" />
25-->src\main\AndroidManifest.xml:41:13-72
25-->src\main\AndroidManifest.xml:41:21-70
26
27            <data android:mimeType="text/plain" />
27-->src\main\AndroidManifest.xml:42:13-50
27-->src\main\AndroidManifest.xml:42:19-48
28        </intent>
29        <intent>
29-->[:file_picker] AndroidManifest.xml:8:9-12:18
30            <action android:name="android.intent.action.GET_CONTENT" />
30-->[:file_picker] AndroidManifest.xml:9:13-72
30-->[:file_picker] AndroidManifest.xml:9:21-69
31
32            <data android:mimeType="*/*" />
32-->src\main\AndroidManifest.xml:42:13-50
32-->src\main\AndroidManifest.xml:42:19-48
33        </intent>
34    </queries>
35
36    <uses-permission android:name="android.permission.ACCESS_NETWORK_STATE" />
36-->[com.google.firebase:firebase-auth:23.2.0] AndroidManifest.xml:26:5-79
36-->[com.google.firebase:firebase-auth:23.2.0] AndroidManifest.xml:26:22-76
37    <uses-permission android:name="com.google.android.providers.gsf.permission.READ_GSERVICES" />
37-->[com.google.android.recaptcha:recaptcha:18.6.1] AndroidManifest.xml:9:5-98
37-->[com.google.android.recaptcha:recaptcha:18.6.1] AndroidManifest.xml:9:22-95
38
39    <permission
39-->[androidx.core:core:1.15.0] AndroidManifest.xml:22:5-24:47
40        android:name="com.example.recovery_ai.DYNAMIC_RECEIVER_NOT_EXPORTED_PERMISSION"
40-->[androidx.core:core:1.15.0] AndroidManifest.xml:23:9-81
41        android:protectionLevel="signature" />
41-->[androidx.core:core:1.15.0] AndroidManifest.xml:24:9-44
42
43    <uses-permission android:name="com.example.recovery_ai.DYNAMIC_RECEIVER_NOT_EXPORTED_PERMISSION" />
43-->[androidx.core:core:1.15.0] AndroidManifest.xml:26:5-97
43-->[androidx.core:core:1.15.0] AndroidManifest.xml:26:22-94
44
45    <application
46        android:name="android.app.Application"
47        android:appComponentFactory="androidx.core.app.CoreComponentFactory"
47-->[androidx.core:core:1.15.0] AndroidManifest.xml:28:18-86
48        android:debuggable="true"
49        android:extractNativeLibs="false"
50        android:icon="@mipmap/ic_launcher"
51        android:label="recovery_ai" >
52        <activity
53            android:name="com.example.recovery_ai.MainActivity"
54            android:configChanges="orientation|keyboardHidden|keyboard|screenSize|smallestScreenSize|locale|layoutDirection|fontScale|screenLayout|density|uiMode"
55            android:exported="true"
56            android:hardwareAccelerated="true"
57            android:launchMode="singleTop"
58            android:taskAffinity=""
59            android:theme="@style/LaunchTheme"
60            android:windowSoftInputMode="adjustResize" >
61
62            <!--
63                 Specifies an Android theme to apply to this Activity as soon as
64                 the Android process has started. This theme is visible to the user
65                 while the Flutter UI initializes. After that, this theme continues
66                 to determine the Window background behind the Flutter UI.
67            -->
68            <meta-data
69                android:name="io.flutter.embedding.android.NormalTheme"
70                android:resource="@style/NormalTheme" />
71
72            <intent-filter>
73                <action android:name="android.intent.action.MAIN" />
74
75                <category android:name="android.intent.category.LAUNCHER" />
76            </intent-filter>
77        </activity>
78        <!--
79             Don't delete the meta-data below.
80             This is used by the Flutter tool to generate GeneratedPluginRegistrant.java
81        -->
82        <meta-data
83            android:name="flutterEmbedding"
84            android:value="2" />
85
86        <service
86-->[:firebase_app_check] AndroidManifest.xml:8:9-12:19
87            android:name="com.google.firebase.components.ComponentDiscoveryService"
87-->[:firebase_app_check] AndroidManifest.xml:8:18-89
88            android:directBootAware="true"
88-->[com.google.firebase:firebase-common:21.0.0] AndroidManifest.xml:32:13-43
89            android:exported="false" >
89-->[com.google.firebase:firebase-appcheck-debug:18.0.0] AndroidManifest.xml:24:13-37
90            <meta-data
90-->[:firebase_app_check] AndroidManifest.xml:9:13-11:85
91                android:name="com.google.firebase.components:io.flutter.plugins.firebase.appcheck.FlutterFirebaseAppRegistrar"
91-->[:firebase_app_check] AndroidManifest.xml:10:17-127
92                android:value="com.google.firebase.components.ComponentRegistrar" />
92-->[:firebase_app_check] AndroidManifest.xml:11:17-82
93            <meta-data
93-->[:cloud_firestore] AndroidManifest.xml:9:13-11:85
94                android:name="com.google.firebase.components:io.flutter.plugins.firebase.firestore.FlutterFirebaseFirestoreRegistrar"
94-->[:cloud_firestore] AndroidManifest.xml:10:17-134
95                android:value="com.google.firebase.components.ComponentRegistrar" />
95-->[:cloud_firestore] AndroidManifest.xml:11:17-82
96            <meta-data
96-->[:firebase_auth] AndroidManifest.xml:9:13-11:85
97                android:name="com.google.firebase.components:io.flutter.plugins.firebase.auth.FlutterFirebaseAuthRegistrar"
97-->[:firebase_auth] AndroidManifest.xml:10:17-124
98                android:value="com.google.firebase.components.ComponentRegistrar" />
98-->[:firebase_auth] AndroidManifest.xml:11:17-82
99            <meta-data
99-->[:firebase_database] AndroidManifest.xml:9:13-11:85
100                android:name="com.google.firebase.components:io.flutter.plugins.firebase.database.FlutterFirebaseAppRegistrar"
100-->[:firebase_database] AndroidManifest.xml:10:17-127
101                android:value="com.google.firebase.components.ComponentRegistrar" />
101-->[:firebase_database] AndroidManifest.xml:11:17-82
102            <meta-data
102-->[:firebase_storage] AndroidManifest.xml:9:13-11:85
103                android:name="com.google.firebase.components:io.flutter.plugins.firebase.storage.FlutterFirebaseAppRegistrar"
103-->[:firebase_storage] AndroidManifest.xml:10:17-126
104                android:value="com.google.firebase.components.ComponentRegistrar" />
104-->[:firebase_storage] AndroidManifest.xml:11:17-82
105            <meta-data
105-->[:firebase_core] AndroidManifest.xml:9:13-11:85
106                android:name="com.google.firebase.components:io.flutter.plugins.firebase.core.FlutterFirebaseCoreRegistrar"
106-->[:firebase_core] AndroidManifest.xml:10:17-124
107                android:value="com.google.firebase.components.ComponentRegistrar" />
107-->[:firebase_core] AndroidManifest.xml:11:17-82
108            <meta-data
108-->[com.google.firebase:firebase-appcheck-debug:18.0.0] AndroidManifest.xml:25:13-27:85
109                android:name="com.google.firebase.components:com.google.firebase.appcheck.debug.FirebaseAppCheckDebugRegistrar"
109-->[com.google.firebase:firebase-appcheck-debug:18.0.0] AndroidManifest.xml:26:17-128
110                android:value="com.google.firebase.components.ComponentRegistrar" />
110-->[com.google.firebase:firebase-appcheck-debug:18.0.0] AndroidManifest.xml:27:17-82
111            <meta-data
111-->[com.google.firebase:firebase-appcheck-playintegrity:18.0.0] AndroidManifest.xml:25:13-27:85
112                android:name="com.google.firebase.components:com.google.firebase.appcheck.playintegrity.FirebaseAppCheckPlayIntegrityRegistrar"
112-->[com.google.firebase:firebase-appcheck-playintegrity:18.0.0] AndroidManifest.xml:26:17-144
113                android:value="com.google.firebase.components.ComponentRegistrar" />
113-->[com.google.firebase:firebase-appcheck-playintegrity:18.0.0] AndroidManifest.xml:27:17-82
114            <meta-data
114-->[com.google.firebase:firebase-auth:23.2.0] AndroidManifest.xml:69:13-71:85
115                android:name="com.google.firebase.components:com.google.firebase.auth.FirebaseAuthRegistrar"
115-->[com.google.firebase:firebase-auth:23.2.0] AndroidManifest.xml:70:17-109
116                android:value="com.google.firebase.components.ComponentRegistrar" />
116-->[com.google.firebase:firebase-auth:23.2.0] AndroidManifest.xml:71:17-82
117            <meta-data
117-->[com.google.firebase:firebase-database:21.0.0] AndroidManifest.xml:29:13-31:85
118                android:name="com.google.firebase.components:com.google.firebase.database.FirebaseDatabaseKtxRegistrar"
118-->[com.google.firebase:firebase-database:21.0.0] AndroidManifest.xml:30:17-120
119                android:value="com.google.firebase.components.ComponentRegistrar" />
119-->[com.google.firebase:firebase-database:21.0.0] AndroidManifest.xml:31:17-82
120            <meta-data
120-->[com.google.firebase:firebase-database:21.0.0] AndroidManifest.xml:32:13-34:85
121                android:name="com.google.firebase.components:com.google.firebase.database.DatabaseRegistrar"
121-->[com.google.firebase:firebase-database:21.0.0] AndroidManifest.xml:33:17-109
122                android:value="com.google.firebase.components.ComponentRegistrar" />
122-->[com.google.firebase:firebase-database:21.0.0] AndroidManifest.xml:34:17-82
123            <meta-data
123-->[com.google.firebase:firebase-firestore:25.1.3] AndroidManifest.xml:17:13-19:85
124                android:name="com.google.firebase.components:com.google.firebase.firestore.FirebaseFirestoreKtxRegistrar"
124-->[com.google.firebase:firebase-firestore:25.1.3] AndroidManifest.xml:18:17-122
125                android:value="com.google.firebase.components.ComponentRegistrar" />
125-->[com.google.firebase:firebase-firestore:25.1.3] AndroidManifest.xml:19:17-82
126            <meta-data
126-->[com.google.firebase:firebase-firestore:25.1.3] AndroidManifest.xml:20:13-22:85
127                android:name="com.google.firebase.components:com.google.firebase.firestore.FirestoreRegistrar"
127-->[com.google.firebase:firebase-firestore:25.1.3] AndroidManifest.xml:21:17-111
128                android:value="com.google.firebase.components.ComponentRegistrar" />
128-->[com.google.firebase:firebase-firestore:25.1.3] AndroidManifest.xml:22:17-82
129            <meta-data
129-->[com.google.firebase:firebase-storage:21.0.1] AndroidManifest.xml:30:13-32:85
130                android:name="com.google.firebase.components:com.google.firebase.storage.FirebaseStorageKtxRegistrar"
130-->[com.google.firebase:firebase-storage:21.0.1] AndroidManifest.xml:31:17-118
131                android:value="com.google.firebase.components.ComponentRegistrar" />
131-->[com.google.firebase:firebase-storage:21.0.1] AndroidManifest.xml:32:17-82
132            <meta-data
132-->[com.google.firebase:firebase-storage:21.0.1] AndroidManifest.xml:33:13-35:85
133                android:name="com.google.firebase.components:com.google.firebase.storage.StorageRegistrar"
133-->[com.google.firebase:firebase-storage:21.0.1] AndroidManifest.xml:34:17-107
134                android:value="com.google.firebase.components.ComponentRegistrar" />
134-->[com.google.firebase:firebase-storage:21.0.1] AndroidManifest.xml:35:17-82
135            <meta-data
135-->[com.google.firebase:firebase-appcheck-safetynet:16.1.2] AndroidManifest.xml:27:13-29:85
136                android:name="com.google.firebase.components:com.google.firebase.appcheck.safetynet.FirebaseAppCheckSafetyNetRegistrar"
136-->[com.google.firebase:firebase-appcheck-safetynet:16.1.2] AndroidManifest.xml:28:17-136
137                android:value="com.google.firebase.components.ComponentRegistrar" />
137-->[com.google.firebase:firebase-appcheck-safetynet:16.1.2] AndroidManifest.xml:29:17-82
138            <meta-data
138-->[com.google.firebase:firebase-appcheck:18.0.0] AndroidManifest.xml:25:13-27:85
139                android:name="com.google.firebase.components:com.google.firebase.appcheck.FirebaseAppCheckKtxRegistrar"
139-->[com.google.firebase:firebase-appcheck:18.0.0] AndroidManifest.xml:26:17-120
140                android:value="com.google.firebase.components.ComponentRegistrar" />
140-->[com.google.firebase:firebase-appcheck:18.0.0] AndroidManifest.xml:27:17-82
141            <meta-data
141-->[com.google.firebase:firebase-appcheck:18.0.0] AndroidManifest.xml:28:13-30:85
142                android:name="com.google.firebase.components:com.google.firebase.appcheck.FirebaseAppCheckRegistrar"
142-->[com.google.firebase:firebase-appcheck:18.0.0] AndroidManifest.xml:29:17-117
143                android:value="com.google.firebase.components.ComponentRegistrar" />
143-->[com.google.firebase:firebase-appcheck:18.0.0] AndroidManifest.xml:30:17-82
144            <meta-data
144-->[com.google.firebase:firebase-common-ktx:21.0.0] AndroidManifest.xml:12:13-14:85
145                android:name="com.google.firebase.components:com.google.firebase.ktx.FirebaseCommonLegacyRegistrar"
145-->[com.google.firebase:firebase-common-ktx:21.0.0] AndroidManifest.xml:13:17-116
146                android:value="com.google.firebase.components.ComponentRegistrar" />
146-->[com.google.firebase:firebase-common-ktx:21.0.0] AndroidManifest.xml:14:17-82
147            <meta-data
147-->[com.google.firebase:firebase-common:21.0.0] AndroidManifest.xml:35:13-37:85
148                android:name="com.google.firebase.components:com.google.firebase.FirebaseCommonKtxRegistrar"
148-->[com.google.firebase:firebase-common:21.0.0] AndroidManifest.xml:36:17-109
149                android:value="com.google.firebase.components.ComponentRegistrar" />
149-->[com.google.firebase:firebase-common:21.0.0] AndroidManifest.xml:37:17-82
150        </service>
151
152        <activity
152-->[com.google.firebase:firebase-auth:23.2.0] AndroidManifest.xml:29:9-46:20
153            android:name="com.google.firebase.auth.internal.GenericIdpActivity"
153-->[com.google.firebase:firebase-auth:23.2.0] AndroidManifest.xml:30:13-80
154            android:excludeFromRecents="true"
154-->[com.google.firebase:firebase-auth:23.2.0] AndroidManifest.xml:31:13-46
155            android:exported="true"
155-->[com.google.firebase:firebase-auth:23.2.0] AndroidManifest.xml:32:13-36
156            android:launchMode="singleTask"
156-->[com.google.firebase:firebase-auth:23.2.0] AndroidManifest.xml:33:13-44
157            android:theme="@android:style/Theme.Translucent.NoTitleBar" >
157-->[com.google.firebase:firebase-auth:23.2.0] AndroidManifest.xml:34:13-72
158            <intent-filter>
158-->[com.google.firebase:firebase-auth:23.2.0] AndroidManifest.xml:35:13-45:29
159                <action android:name="android.intent.action.VIEW" />
159-->[com.google.firebase:firebase-auth:23.2.0] AndroidManifest.xml:36:17-69
159-->[com.google.firebase:firebase-auth:23.2.0] AndroidManifest.xml:36:25-66
160
161                <category android:name="android.intent.category.DEFAULT" />
161-->[com.google.firebase:firebase-auth:23.2.0] AndroidManifest.xml:38:17-76
161-->[com.google.firebase:firebase-auth:23.2.0] AndroidManifest.xml:38:27-73
162                <category android:name="android.intent.category.BROWSABLE" />
162-->[com.google.firebase:firebase-auth:23.2.0] AndroidManifest.xml:39:17-78
162-->[com.google.firebase:firebase-auth:23.2.0] AndroidManifest.xml:39:27-75
163
164                <data
164-->src\main\AndroidManifest.xml:42:13-50
165                    android:host="firebase.auth"
166                    android:path="/"
167                    android:scheme="genericidp" />
168            </intent-filter>
169        </activity>
170        <activity
170-->[com.google.firebase:firebase-auth:23.2.0] AndroidManifest.xml:47:9-64:20
171            android:name="com.google.firebase.auth.internal.RecaptchaActivity"
171-->[com.google.firebase:firebase-auth:23.2.0] AndroidManifest.xml:48:13-79
172            android:excludeFromRecents="true"
172-->[com.google.firebase:firebase-auth:23.2.0] AndroidManifest.xml:49:13-46
173            android:exported="true"
173-->[com.google.firebase:firebase-auth:23.2.0] AndroidManifest.xml:50:13-36
174            android:launchMode="singleTask"
174-->[com.google.firebase:firebase-auth:23.2.0] AndroidManifest.xml:51:13-44
175            android:theme="@android:style/Theme.Translucent.NoTitleBar" >
175-->[com.google.firebase:firebase-auth:23.2.0] AndroidManifest.xml:52:13-72
176            <intent-filter>
176-->[com.google.firebase:firebase-auth:23.2.0] AndroidManifest.xml:53:13-63:29
177                <action android:name="android.intent.action.VIEW" />
177-->[com.google.firebase:firebase-auth:23.2.0] AndroidManifest.xml:36:17-69
177-->[com.google.firebase:firebase-auth:23.2.0] AndroidManifest.xml:36:25-66
178
179                <category android:name="android.intent.category.DEFAULT" />
179-->[com.google.firebase:firebase-auth:23.2.0] AndroidManifest.xml:38:17-76
179-->[com.google.firebase:firebase-auth:23.2.0] AndroidManifest.xml:38:27-73
180                <category android:name="android.intent.category.BROWSABLE" />
180-->[com.google.firebase:firebase-auth:23.2.0] AndroidManifest.xml:39:17-78
180-->[com.google.firebase:firebase-auth:23.2.0] AndroidManifest.xml:39:27-75
181
182                <data
182-->src\main\AndroidManifest.xml:42:13-50
183                    android:host="firebase.auth"
184                    android:path="/"
185                    android:scheme="recaptcha" />
186            </intent-filter>
187        </activity>
188
189        <provider
189-->[:image_picker_android] AndroidManifest.xml:9:9-17:20
190            android:name="io.flutter.plugins.imagepicker.ImagePickerFileProvider"
190-->[:image_picker_android] AndroidManifest.xml:10:13-82
191            android:authorities="com.example.recovery_ai.flutter.image_provider"
191-->[:image_picker_android] AndroidManifest.xml:11:13-74
192            android:exported="false"
192-->[:image_picker_android] AndroidManifest.xml:12:13-37
193            android:grantUriPermissions="true" >
193-->[:image_picker_android] AndroidManifest.xml:13:13-47
194            <meta-data
194-->[:image_picker_android] AndroidManifest.xml:14:13-16:75
195                android:name="android.support.FILE_PROVIDER_PATHS"
195-->[:image_picker_android] AndroidManifest.xml:15:17-67
196                android:resource="@xml/flutter_image_picker_file_paths" />
196-->[:image_picker_android] AndroidManifest.xml:16:17-72
197        </provider> <!-- Trigger Google Play services to install the backported photo picker module. -->
198        <service
198-->[:image_picker_android] AndroidManifest.xml:19:9-31:19
199            android:name="com.google.android.gms.metadata.ModuleDependencies"
199-->[:image_picker_android] AndroidManifest.xml:20:13-78
200            android:enabled="false"
200-->[:image_picker_android] AndroidManifest.xml:21:13-36
201            android:exported="false" >
201-->[:image_picker_android] AndroidManifest.xml:22:13-37
202            <intent-filter>
202-->[:image_picker_android] AndroidManifest.xml:24:13-26:29
203                <action android:name="com.google.android.gms.metadata.MODULE_DEPENDENCIES" />
203-->[:image_picker_android] AndroidManifest.xml:25:17-94
203-->[:image_picker_android] AndroidManifest.xml:25:25-91
204            </intent-filter>
205
206            <meta-data
206-->[:image_picker_android] AndroidManifest.xml:28:13-30:36
207                android:name="photopicker_activity:0:required"
207-->[:image_picker_android] AndroidManifest.xml:29:17-63
208                android:value="" />
208-->[:image_picker_android] AndroidManifest.xml:30:17-33
209        </service>
210
211        <provider
211-->[com.google.firebase:firebase-common:21.0.0] AndroidManifest.xml:23:9-28:39
212            android:name="com.google.firebase.provider.FirebaseInitProvider"
212-->[com.google.firebase:firebase-common:21.0.0] AndroidManifest.xml:24:13-77
213            android:authorities="com.example.recovery_ai.firebaseinitprovider"
213-->[com.google.firebase:firebase-common:21.0.0] AndroidManifest.xml:25:13-72
214            android:directBootAware="true"
214-->[com.google.firebase:firebase-common:21.0.0] AndroidManifest.xml:26:13-43
215            android:exported="false"
215-->[com.google.firebase:firebase-common:21.0.0] AndroidManifest.xml:27:13-37
216            android:initOrder="100" />
216-->[com.google.firebase:firebase-common:21.0.0] AndroidManifest.xml:28:13-36
217
218        <service
218-->[androidx.credentials:credentials-play-services-auth:1.2.0-rc01] AndroidManifest.xml:24:9-32:19
219            android:name="androidx.credentials.playservices.CredentialProviderMetadataHolder"
219-->[androidx.credentials:credentials-play-services-auth:1.2.0-rc01] AndroidManifest.xml:25:13-94
220            android:enabled="true"
220-->[androidx.credentials:credentials-play-services-auth:1.2.0-rc01] AndroidManifest.xml:26:13-35
221            android:exported="false" >
221-->[androidx.credentials:credentials-play-services-auth:1.2.0-rc01] AndroidManifest.xml:27:13-37
222            <meta-data
222-->[androidx.credentials:credentials-play-services-auth:1.2.0-rc01] AndroidManifest.xml:29:13-31:104
223                android:name="androidx.credentials.CREDENTIAL_PROVIDER_KEY"
223-->[androidx.credentials:credentials-play-services-auth:1.2.0-rc01] AndroidManifest.xml:30:17-76
224                android:value="androidx.credentials.playservices.CredentialProviderPlayServicesImpl" />
224-->[androidx.credentials:credentials-play-services-auth:1.2.0-rc01] AndroidManifest.xml:31:17-101
225        </service>
226
227        <activity
227-->[androidx.credentials:credentials-play-services-auth:1.2.0-rc01] AndroidManifest.xml:34:9-41:20
228            android:name="androidx.credentials.playservices.HiddenActivity"
228-->[androidx.credentials:credentials-play-services-auth:1.2.0-rc01] AndroidManifest.xml:35:13-76
229            android:configChanges="orientation|screenSize|screenLayout|keyboardHidden"
229-->[androidx.credentials:credentials-play-services-auth:1.2.0-rc01] AndroidManifest.xml:36:13-87
230            android:enabled="true"
230-->[androidx.credentials:credentials-play-services-auth:1.2.0-rc01] AndroidManifest.xml:37:13-35
231            android:exported="false"
231-->[androidx.credentials:credentials-play-services-auth:1.2.0-rc01] AndroidManifest.xml:38:13-37
232            android:fitsSystemWindows="true"
232-->[androidx.credentials:credentials-play-services-auth:1.2.0-rc01] AndroidManifest.xml:39:13-45
233            android:theme="@style/Theme.Hidden" >
233-->[androidx.credentials:credentials-play-services-auth:1.2.0-rc01] AndroidManifest.xml:40:13-48
234        </activity>
235        <activity
235-->[com.google.android.gms:play-services-auth:20.7.0] AndroidManifest.xml:23:9-27:75
236            android:name="com.google.android.gms.auth.api.signin.internal.SignInHubActivity"
236-->[com.google.android.gms:play-services-auth:20.7.0] AndroidManifest.xml:24:13-93
237            android:excludeFromRecents="true"
237-->[com.google.android.gms:play-services-auth:20.7.0] AndroidManifest.xml:25:13-46
238            android:exported="false"
238-->[com.google.android.gms:play-services-auth:20.7.0] AndroidManifest.xml:26:13-37
239            android:theme="@android:style/Theme.Translucent.NoTitleBar" />
239-->[com.google.android.gms:play-services-auth:20.7.0] AndroidManifest.xml:27:13-72
240        <!--
241            Service handling Google Sign-In user revocation. For apps that do not integrate with
242            Google Sign-In, this service will never be started.
243        -->
244        <service
244-->[com.google.android.gms:play-services-auth:20.7.0] AndroidManifest.xml:33:9-37:51
245            android:name="com.google.android.gms.auth.api.signin.RevocationBoundService"
245-->[com.google.android.gms:play-services-auth:20.7.0] AndroidManifest.xml:34:13-89
246            android:exported="true"
246-->[com.google.android.gms:play-services-auth:20.7.0] AndroidManifest.xml:35:13-36
247            android:permission="com.google.android.gms.auth.api.signin.permission.REVOCATION_NOTIFICATION"
247-->[com.google.android.gms:play-services-auth:20.7.0] AndroidManifest.xml:36:13-107
248            android:visibleToInstantApps="true" />
248-->[com.google.android.gms:play-services-auth:20.7.0] AndroidManifest.xml:37:13-48
249
250        <activity
250-->[com.google.android.gms:play-services-base:18.1.0] AndroidManifest.xml:20:9-22:45
251            android:name="com.google.android.gms.common.api.GoogleApiActivity"
251-->[com.google.android.gms:play-services-base:18.1.0] AndroidManifest.xml:20:19-85
252            android:exported="false"
252-->[com.google.android.gms:play-services-base:18.1.0] AndroidManifest.xml:22:19-43
253            android:theme="@android:style/Theme.Translucent.NoTitleBar" />
253-->[com.google.android.gms:play-services-base:18.1.0] AndroidManifest.xml:21:19-78
254
255        <provider
255-->[androidx.lifecycle:lifecycle-process:2.8.7] AndroidManifest.xml:24:9-32:20
256            android:name="androidx.startup.InitializationProvider"
256-->[androidx.lifecycle:lifecycle-process:2.8.7] AndroidManifest.xml:25:13-67
257            android:authorities="com.example.recovery_ai.androidx-startup"
257-->[androidx.lifecycle:lifecycle-process:2.8.7] AndroidManifest.xml:26:13-68
258            android:exported="false" >
258-->[androidx.lifecycle:lifecycle-process:2.8.7] AndroidManifest.xml:27:13-37
259            <meta-data
259-->[androidx.lifecycle:lifecycle-process:2.8.7] AndroidManifest.xml:29:13-31:52
260                android:name="androidx.lifecycle.ProcessLifecycleInitializer"
260-->[androidx.lifecycle:lifecycle-process:2.8.7] AndroidManifest.xml:30:17-78
261                android:value="androidx.startup" />
261-->[androidx.lifecycle:lifecycle-process:2.8.7] AndroidManifest.xml:31:17-49
262            <meta-data
262-->[androidx.profileinstaller:profileinstaller:1.3.1] AndroidManifest.xml:29:13-31:52
263                android:name="androidx.profileinstaller.ProfileInstallerInitializer"
263-->[androidx.profileinstaller:profileinstaller:1.3.1] AndroidManifest.xml:30:17-85
264                android:value="androidx.startup" />
264-->[androidx.profileinstaller:profileinstaller:1.3.1] AndroidManifest.xml:31:17-49
265        </provider>
266
267        <uses-library
267-->[androidx.window:window:1.2.0] AndroidManifest.xml:23:9-25:40
268            android:name="androidx.window.extensions"
268-->[androidx.window:window:1.2.0] AndroidManifest.xml:24:13-54
269            android:required="false" />
269-->[androidx.window:window:1.2.0] AndroidManifest.xml:25:13-37
270        <uses-library
270-->[androidx.window:window:1.2.0] AndroidManifest.xml:26:9-28:40
271            android:name="androidx.window.sidecar"
271-->[androidx.window:window:1.2.0] AndroidManifest.xml:27:13-51
272            android:required="false" />
272-->[androidx.window:window:1.2.0] AndroidManifest.xml:28:13-37
273
274        <meta-data
274-->[com.google.android.gms:play-services-basement:18.4.0] AndroidManifest.xml:6:9-122
275            android:name="com.google.android.gms.version"
275-->[com.google.android.gms:play-services-basement:18.4.0] AndroidManifest.xml:6:20-65
276            android:value="@integer/google_play_services_version" />
276-->[com.google.android.gms:play-services-basement:18.4.0] AndroidManifest.xml:6:66-119
277
278        <receiver
278-->[androidx.profileinstaller:profileinstaller:1.3.1] AndroidManifest.xml:34:9-52:20
279            android:name="androidx.profileinstaller.ProfileInstallReceiver"
279-->[androidx.profileinstaller:profileinstaller:1.3.1] AndroidManifest.xml:35:13-76
280            android:directBootAware="false"
280-->[androidx.profileinstaller:profileinstaller:1.3.1] AndroidManifest.xml:36:13-44
281            android:enabled="true"
281-->[androidx.profileinstaller:profileinstaller:1.3.1] AndroidManifest.xml:37:13-35
282            android:exported="true"
282-->[androidx.profileinstaller:profileinstaller:1.3.1] AndroidManifest.xml:38:13-36
283            android:permission="android.permission.DUMP" >
283-->[androidx.profileinstaller:profileinstaller:1.3.1] AndroidManifest.xml:39:13-57
284            <intent-filter>
284-->[androidx.profileinstaller:profileinstaller:1.3.1] AndroidManifest.xml:40:13-42:29
285                <action android:name="androidx.profileinstaller.action.INSTALL_PROFILE" />
285-->[androidx.profileinstaller:profileinstaller:1.3.1] AndroidManifest.xml:41:17-91
285-->[androidx.profileinstaller:profileinstaller:1.3.1] AndroidManifest.xml:41:25-88
286            </intent-filter>
287            <intent-filter>
287-->[androidx.profileinstaller:profileinstaller:1.3.1] AndroidManifest.xml:43:13-45:29
288                <action android:name="androidx.profileinstaller.action.SKIP_FILE" />
288-->[androidx.profileinstaller:profileinstaller:1.3.1] AndroidManifest.xml:44:17-85